<?xml version="1.0" encoding="UTF-8"?>
<!-- Generated by org.testng.reporters.JUnitReportReporter -->
<testsuite hostname="LAPTOP-HPRHMF40" failures="0" tests="1" name="com.inetBanking.testCases.TC_EditCustomer_004" time="13.801" errors="0" timestamp="2024-07-07T19:51:12 IST" skipped="0">
  <testcase classname="com.inetBanking.testCases.TC_EditCustomer_004" name="editExistingCustomer" time="13.801"/>
</testsuite> <!-- com.inetBanking.testCases.TC_EditCustomer_004 -->
