<?xml version="1.0" encoding="UTF-8"?>
<!-- Generated by org.testng.reporters.JUnitReportReporter -->
<testsuite hostname="LAPTOP-HPRHMF40" failures="0" tests="1" name="com.inetBanking.testCases.TC_AddNewCustomer_003" time="34.958" errors="0" timestamp="2024-06-19T16:49:04 IST" skipped="0">
  <testcase classname="com.inetBanking.testCases.TC_AddNewCustomer_003" name="addNewCust" time="34.958"/>
</testsuite> <!-- com.inetBanking.testCases.TC_AddNewCustomer_003 -->
