<?xml version="1.0" encoding="UTF-8"?>
<!-- Generated by org.testng.reporters.JUnitReportReporter -->
<testsuite hostname="LAPTOP-HPRHMF40" failures="0" tests="1" name="com.inetBanking.testCases.TC_EditCustomer_004" time="19.686" errors="0" timestamp="2024-07-09T20:36:09 IST" skipped="0">
  <testcase classname="com.inetBanking.testCases.TC_EditCustomer_004" name="editExistingCustomer" time="19.686"/>
</testsuite> <!-- com.inetBanking.testCases.TC_EditCustomer_004 -->
