<?xml version="1.0" encoding="UTF-8"?>
<!-- Generated by org.testng.reporters.JUnitReportReporter -->
<testsuite hostname="LAPTOP-HPRHMF40" failures="0" tests="1" name="com.inetBanking.testCases.TC_LoginTest_001" time="7.918" errors="0" timestamp="2024-04-07T19:56:21 IST" skipped="0">
  <testcase classname="com.inetBanking.testCases.TC_LoginTest_001" name="loginTestTitle" time="7.918"/>
</testsuite> <!-- com.inetBanking.testCases.TC_LoginTest_001 -->
