<?xml version="1.0" encoding="UTF-8"?>
<!-- Generated by org.testng.reporters.JUnitReportReporter -->
<testsuite hostname="LAPTOP-HPRHMF40" failures="0" tests="1" name="com.inetBanking.testCases.TC_AddNewCustomer_003" time="20.413" errors="0" timestamp="2024-06-24T22:34:28 IST" skipped="0">
  <testcase classname="com.inetBanking.testCases.TC_AddNewCustomer_003" name="addNewCust" time="20.413"/>
</testsuite> <!-- com.inetBanking.testCases.TC_AddNewCustomer_003 -->
