<?xml version="1.0" encoding="UTF-8"?>
<!-- Generated by org.testng.reporters.JUnitReportReporter -->
<testsuite hostname="LAPTOP-HPRHMF40" failures="0" tests="1" name="com.inetBanking.testCases.TC_LoginTestDDT_002" time="8.619" errors="0" timestamp="2024-04-04T19:55:52 IST" skipped="0">
  <testcase classname="com.inetBanking.testCases.TC_LoginTestDDT_002" name="loginTest" time="8.619"/>
</testsuite> <!-- com.inetBanking.testCases.TC_LoginTestDDT_002 -->
