<?xml version="1.0" encoding="UTF-8"?>
<!-- Generated by org.testng.reporters.JUnitReportReporter -->
<testsuite hostname="LAPTOP-HPRHMF40" failures="0" tests="1" name="com.inetBanking.testCases.TC_LoginTestDDT_002" time="4.372" errors="0" timestamp="2024-06-24T22:34:28 IST" skipped="0">
  <testcase classname="com.inetBanking.testCases.TC_LoginTestDDT_002" name="loginTest" time="4.372"/>
</testsuite> <!-- com.inetBanking.testCases.TC_LoginTestDDT_002 -->
