<?xml version="1.0" encoding="UTF-8"?>
<!-- Generated by org.testng.reporters.JUnitReportReporter -->
<testsuite hostname="LAPTOP-HPRHMF40" failures="0" tests="1" name="com.inetBanking.testCases.TC_LoginTest_001" time="2.204" errors="0" timestamp="2024-04-04T19:47:44 IST" skipped="0">
  <testcase classname="com.inetBanking.testCases.TC_LoginTest_001" name="loginTestTitle" time="2.204"/>
</testsuite> <!-- com.inetBanking.testCases.TC_LoginTest_001 -->
